c:\users\cyrez\source\repos\projecttesst\debug\projecttesst.exe
c:\users\cyrez\source\repos\projecttesst\projecttesst\debug\projecttesst.ilk
c:\users\cyrez\source\repos\projecttesst\debug\projecttesst.pdb
c:\users\cyrez\source\repos\projecttesst\projecttesst\debug\vc143.pdb
c:\users\cyrez\source\repos\projecttesst\projecttesst\debug\vc143.idb
c:\users\cyrez\source\repos\projecttesst\projecttesst\debug\main.obj
c:\users\cyrez\source\repos\projecttesst\projecttesst\debug\highscoremenu.obj
c:\users\cyrez\source\repos\projecttesst\projecttesst\debug\game.obj
c:\users\cyrez\source\repos\projecttesst\projecttesst\debug\ui.obj
c:\users\cyrez\source\repos\projecttesst\projecttesst\debug\powerup.obj
c:\users\cyrez\source\repos\projecttesst\projecttesst\debug\paddle.obj
c:\users\cyrez\source\repos\projecttesst\projecttesst\debug\menu.obj
c:\users\cyrez\source\repos\projecttesst\projecttesst\debug\filemanager.obj
c:\users\cyrez\source\repos\projecttesst\projecttesst\debug\entity.obj
c:\users\cyrez\source\repos\projecttesst\projecttesst\debug\difficultmenu.obj
c:\users\cyrez\source\repos\projecttesst\projecttesst\debug\button.obj
c:\users\cyrez\source\repos\projecttesst\projecttesst\debug\brick.obj
c:\users\cyrez\source\repos\projecttesst\projecttesst\debug\boss.obj
c:\users\cyrez\source\repos\projecttesst\projecttesst\debug\ball.obj
c:\users\cyrez\source\repos\projecttesst\projecttesst\debug\platform.obj
c:\users\cyrez\source\repos\projecttesst\projecttesst\debug\windowsettings.ixx.ifc
c:\users\cyrez\source\repos\projecttesst\projecttesst\debug\windowsettings.ixx.ifc.d.json
c:\users\cyrez\source\repos\projecttesst\projecttesst\debug\windowsettings.ixx.obj
c:\users\cyrez\source\repos\projecttesst\projecttesst\debug\library.ixx.ifc
c:\users\cyrez\source\repos\projecttesst\projecttesst\debug\library.ixx.ifc.d.json
c:\users\cyrez\source\repos\projecttesst\projecttesst\debug\library.ixx.obj
c:\users\cyrez\source\repos\projecttesst\projecttesst\debug\regex_we6kbdjbbltorvug.ifc
c:\users\cyrez\source\repos\projecttesst\projecttesst\debug\regex_we6kbdjbbltorvug.ifc.d.json
c:\users\cyrez\source\repos\projecttesst\projecttesst\debug\regex_we6kbdjbbltorvug.obj
c:\users\cyrez\source\repos\projecttesst\projecttesst\debug\iostream_tjln7waezu2ifp92.ifc
c:\users\cyrez\source\repos\projecttesst\projecttesst\debug\iostream_tjln7waezu2ifp92.ifc.d.json
c:\users\cyrez\source\repos\projecttesst\projecttesst\debug\iostream_tjln7waezu2ifp92.obj
c:\users\cyrez\source\repos\projecttesst\projecttesst\debug\sstream_ji89cl31mdtyaj46.ifc
c:\users\cyrez\source\repos\projecttesst\projecttesst\debug\sstream_ji89cl31mdtyaj46.ifc.d.json
c:\users\cyrez\source\repos\projecttesst\projecttesst\debug\sstream_ji89cl31mdtyaj46.obj
c:\users\cyrez\source\repos\projecttesst\projecttesst\debug\fstream_w1a46l1fe1l02ova.ifc
c:\users\cyrez\source\repos\projecttesst\projecttesst\debug\fstream_w1a46l1fe1l02ova.ifc.d.json
c:\users\cyrez\source\repos\projecttesst\projecttesst\debug\fstream_w1a46l1fe1l02ova.obj
c:\users\cyrez\source\repos\projecttesst\projecttesst\debug\ranges_ev022jgrysimq3yg.ifc
c:\users\cyrez\source\repos\projecttesst\projecttesst\debug\ranges_ev022jgrysimq3yg.ifc.d.json
c:\users\cyrez\source\repos\projecttesst\projecttesst\debug\ranges_ev022jgrysimq3yg.obj
c:\users\cyrez\source\repos\projecttesst\projecttesst\debug\filestream.ixx.ifc.d.json
c:\users\cyrez\source\repos\projecttesst\projecttesst\debug\iostream_0uqwqzitsb7uxuwj.module.json
c:\users\cyrez\source\repos\projecttesst\projecttesst\debug\windowsettings.ixx.module.json
c:\users\cyrez\source\repos\projecttesst\projecttesst\debug\library.ixx.module.json
c:\users\cyrez\source\repos\projecttesst\projecttesst\debug\sstream_ji89cl31mdtyaj46.module.json
c:\users\cyrez\source\repos\projecttesst\projecttesst\debug\regex_we6kbdjbbltorvug.module.json
c:\users\cyrez\source\repos\projecttesst\projecttesst\debug\fstream_w1a46l1fe1l02ova.module.json
c:\users\cyrez\source\repos\projecttesst\projecttesst\debug\iostream_tjln7waezu2ifp92.module.json
c:\users\cyrez\source\repos\projecttesst\projecttesst\debug\ranges_ev022jgrysimq3yg.module.json
c:\users\cyrez\source\repos\projecttesst\projecttesst\debug\filestream.ixx.module.json
c:\users\cyrez\source\repos\projecttesst\projecttesst\debug\filestream.ixx.obj
c:\users\cyrez\source\repos\projecttesst\projecttesst\debug\iostream_0uqwqzitsb7uxuwj.obj
c:\users\cyrez\source\repos\projecttesst\projecttesst\debug\game.obj.enc
c:\users\cyrez\source\repos\projecttesst\projecttesst\debug\vc142.idb
c:\users\cyrez\source\repos\projecttesst\projecttesst\debug\vc142.pdb
c:\users\cyrez\source\repos\projecttesst\projecttesst\debug\projecttesst.tlog\cl.command.1.tlog
c:\users\cyrez\source\repos\projecttesst\projecttesst\debug\projecttesst.tlog\link.command.1.tlog
c:\users\cyrez\source\repos\projecttesst\projecttesst\debug\projecttesst.tlog\link.read.1.tlog
c:\users\cyrez\source\repos\projecttesst\projecttesst\debug\projecttesst.tlog\link.write.1.tlog
c:\users\cyrez\source\repos\projecttesst\projecttesst\debug\projecttesst.tlog\microsoft.build.cpptasks.cl.read.1.tlog
c:\users\cyrez\source\repos\projecttesst\projecttesst\debug\projecttesst.tlog\microsoft.build.cpptasks.cl.write.1.tlog
c:\users\cyrez\source\repos\projecttesst\projecttesst\debug\projecttesst_md.tlog\cl.command.1.tlog
c:\users\cyrez\source\repos\projecttesst\projecttesst\debug\projecttesst_md.tlog\microsoft.build.cpptasks.cl.read.1.tlog
c:\users\cyrez\source\repos\projecttesst\projecttesst\debug\projecttesst_md.tlog\microsoft.build.cpptasks.cl.write.1.tlog
